<?xml version="1.0" encoding="UTF-8"?>
<testng-results skipped="0" failed="0" ignored="0" total="3" passed="3">
  <reporter-output>
  </reporter-output>
  <suite name="Default suite" duration-ms="41658" started-at="2021-03-10T22:58:23 IST" finished-at="2021-03-10T22:59:05 IST">
    <groups>
    </groups>
    <test name="Default test" duration-ms="41658" started-at="2021-03-10T22:58:23 IST" finished-at="2021-03-10T22:59:05 IST">
      <class name="com.scrolltest.api.tests.TestPATCHperson">
        <test-method status="PASS" signature="testDelete()[pri:0, instance:com.scrolltest.api.tests.TestPATCHperson@149e0f5d]" name="testDelete" duration-ms="12555" started-at="2021-03-10T22:58:23 IST" finished-at="2021-03-10T22:58:36 IST">
          <reporter-output>
          </reporter-output>
        </test-method> <!-- testDelete -->
        <test-method status="PASS" signature="testPatch()[pri:0, instance:com.scrolltest.api.tests.TestPATCHperson@149e0f5d]" name="testPatch" duration-ms="16942" started-at="2021-03-10T22:58:36 IST" finished-at="2021-03-10T22:58:53 IST">
          <reporter-output>
          </reporter-output>
        </test-method> <!-- testPatch -->
        <test-method status="PASS" signature="testput()[pri:0, instance:com.scrolltest.api.tests.TestPATCHperson@149e0f5d]" name="testput" duration-ms="11965" started-at="2021-03-10T22:58:53 IST" finished-at="2021-03-10T22:59:05 IST">
          <reporter-output>
          </reporter-output>
        </test-method> <!-- testput -->
      </class> <!-- com.scrolltest.api.tests.TestPATCHperson -->
    </test> <!-- Default test -->
  </suite> <!-- Default suite -->
</testng-results>
