<?xml version="1.0" encoding="UTF-8"?>
<!-- Generated by org.testng.reporters.JUnitXMLReporter -->
<testsuite hostname="DESKTOP-SR6CLN1" ignored="0" name="Default test" tests="3" failures="0" timestamp="2021-03-10T22:59:05 IST" time="41.658" errors="0">
  <testcase name="testDelete" time="12.555" classname="com.scrolltest.api.tests.TestPATCHperson"/>
  <testcase name="testPatch" time="16.942" classname="com.scrolltest.api.tests.TestPATCHperson"/>
  <testcase name="testput" time="11.965" classname="com.scrolltest.api.tests.TestPATCHperson"/>
</testsuite> <!-- Default test -->
